<?xml version="1.0" encoding="UTF-8"?>
<!-- Generated by org.testng.reporters.JUnitReportReporter -->
<testsuite skipped="0" hostname="FWS-CHE-LT-5617" name="week6.day1.E2E" tests="1" failures="0" timestamp="2023-02-26T09:34:45 IST" time="38.961" errors="0">
  <testcase name="editLeadUsingUI" time="38.961" classname="week6.day1.E2E"/>
  <system-out/>
</testsuite> <!-- week6.day1.E2E -->
